# JRE version: OpenJDK Runtime Environment (11.0.12+7) (build 11.0.12+7-b1504.28-7817840)
# Java VM: OpenJDK 64-Bit Server VM (11.0.12+7-b1504.28-7817840, mixed mode, tiered, compressed oops, g1 gc, windows-amd64)
Heap:
 garbage-first heap   total 585728K, used 255402K [0x0000000080000000, 0x0000000100000000)
  region size 1024K, 15 young (15360K), 3 survivors (3072K)
 Metaspace       used 125469K, capacity 129266K, committed 129536K, reserved 1161216K
  class space    used 15600K, capacity 17040K, committed 17152K, reserved 1048576K
GC Heap History (20 events):
Event: 616.698 GC heap before
{Heap before GC invocations=83 (full 0):
 garbage-first heap   total 585728K, used 513069K [0x0000000080000000, 0x0000000100000000)
  region size 1024K, 327 young (334848K), 5 survivors (5120K)
 Metaspace       used 117075K, capacity 120662K, committed 120704K, reserved 1153024K
  class space    used 14890K, capacity 16241K, committed 16256K, reserved 1048576K
}
Event: 616.744 GC heap after
{Heap after GC invocations=84 (full 0):
 garbage-first heap   total 585728K, used 194903K [0x0000000080000000, 0x0000000100000000)
  region size 1024K, 16 young (16384K), 16 survivors (16384K)
 Metaspace       used 117075K, capacity 120662K, committed 120704K, reserved 1153024K
  class space    used 14890K, capacity 16241K, committed 16256K, reserved 1048576K
}
Event: 618.261 GC heap before
{Heap before GC invocations=84 (full 0):
 garbage-first heap   total 585728K, used 507223K [0x0000000080000000, 0x0000000100000000)
  region size 1024K, 321 young (328704K), 16 survivors (16384K)
 Metaspace       used 117096K, capacity 120736K, committed 120960K, reserved 1155072K
  class space    used 14892K, capacity 16244K, committed 16256K, reserved 1048576K
}
Event: 618.293 GC heap after
{Heap after GC invocations=85 (full 0):
 garbage-first heap   total 585728K, used 193581K [0x0000000080000000, 0x0000000100000000)
  region size 1024K, 15 young (15360K), 15 survivors (15360K)
 Metaspace       used 117096K, capacity 120736K, committed 120960K, reserved 1155072K
  class space    used 14892K, capacity 16244K, committed 16256K, reserved 1048576K
}
Event: 619.940 GC heap before
{Heap before GC invocations=85 (full 0):
 garbage-first heap   total 585728K, used 507949K [0x0000000080000000, 0x0000000100000000)
  region size 1024K, 322 young (329728K), 15 survivors (15360K)
 Metaspace       used 117105K, capacity 120742K, committed 120960K, reserved 1155072K
  class space    used 14894K, capacity 16246K, committed 16256K, reserved 1048576K
}
Event: 619.967 GC heap after
{Heap after GC invocations=86 (full 0):
 garbage-first heap   total 585728K, used 192045K [0x0000000080000000, 0x0000000100000000)
  region size 1024K, 13 young (13312K), 13 survivors (13312K)
 Metaspace       used 117105K, capacity 120742K, committed 120960K, reserved 1155072K
  class space    used 14894K, capacity 16246K, committed 16256K, reserved 1048576K
}
Event: 621.309 GC heap before
{Heap before GC invocations=86 (full 0):
 garbage-first heap   total 585728K, used 510509K [0x0000000080000000, 0x0000000100000000)
  region size 1024K, 324 young (331776K), 13 survivors (13312K)
 Metaspace       used 117112K, capacity 120742K, committed 120960K, reserved 1155072K
  class space    used 14894K, capacity 16246K, committed 16256K, reserved 1048576K
}
Event: 621.335 GC heap after
{Heap after GC invocations=87 (full 0):
 garbage-first heap   total 585728K, used 192045K [0x0000000080000000, 0x0000000100000000)
  region size 1024K, 13 young (13312K), 13 survivors (13312K)
 Metaspace       used 117112K, capacity 120742K, committed 120960K, reserved 1155072K
  class space    used 14894K, capacity 16246K, committed 16256K, reserved 1048576K
}
Event: 623.401 GC heap before
{Heap before GC invocations=87 (full 0):
 garbage-first heap   total 585728K, used 516653K [0x0000000080000000, 0x0000000100000000)
  region size 1024K, 325 young (332800K), 13 survivors (13312K)
 Metaspace       used 117378K, capacity 120999K, committed 121344K, reserved 1155072K
  class space    used 14917K, capacity 16285K, committed 16384K, reserved 1048576K
}
Event: 623.415 GC heap after
{Heap after GC invocations=88 (full 0):
 garbage-first heap   total 585728K, used 186925K [0x0000000080000000, 0x0000000100000000)
  region size 1024K, 4 young (4096K), 4 survivors (4096K)
 Metaspace       used 117378K, capacity 120999K, committed 121344K, reserved 1155072K
  class space    used 14917K, capacity 16285K, committed 16384K, reserved 1048576K
}
Event: 630.447 GC heap before
{Heap before GC invocations=88 (full 0):
 garbage-first heap   total 585728K, used 538157K [0x0000000080000000, 0x0000000100000000)
  region size 1024K, 320 young (327680K), 4 survivors (4096K)
 Metaspace       used 118945K, capacity 122690K, committed 122880K, reserved 1155072K
  class space    used 15098K, capacity 16530K, committed 16640K, reserved 1048576K
}
Event: 630.742 GC heap after
{Heap after GC invocations=89 (full 0):
 garbage-first heap   total 585728K, used 229715K [0x0000000080000000, 0x0000000100000000)
  region size 1024K, 40 young (40960K), 40 survivors (40960K)
 Metaspace       used 118945K, capacity 122690K, committed 122880K, reserved 1155072K
  class space    used 15098K, capacity 16530K, committed 16640K, reserved 1048576K
}
Event: 681.398 GC heap before
{Heap before GC invocations=89 (full 0):
 garbage-first heap   total 585728K, used 509267K [0x0000000080000000, 0x0000000100000000)
  region size 1024K, 288 young (294912K), 40 survivors (40960K)
 Metaspace       used 123536K, capacity 127331K, committed 127488K, reserved 1159168K
  class space    used 15446K, capacity 16881K, committed 16896K, reserved 1048576K
}
Event: 682.241 GC heap after
{Heap after GC invocations=90 (full 0):
 garbage-first heap   total 585728K, used 241338K [0x0000000080000000, 0x0000000100000000)
  region size 1024K, 11 young (11264K), 11 survivors (11264K)
 Metaspace       used 123536K, capacity 127331K, committed 127488K, reserved 1159168K
  class space    used 15446K, capacity 16881K, committed 16896K, reserved 1048576K
}
Event: 684.142 GC heap before
{Heap before GC invocations=90 (full 0):
 garbage-first heap   total 585728K, used 258746K [0x0000000080000000, 0x0000000100000000)
  region size 1024K, 28 young (28672K), 11 survivors (11264K)
 Metaspace       used 123759K, capacity 127619K, committed 127872K, reserved 1161216K
  class space    used 15455K, capacity 16913K, committed 17024K, reserved 1048576K
}
Event: 684.188 GC heap after
{Heap after GC invocations=91 (full 0):
 garbage-first heap   total 585728K, used 243200K [0x0000000080000000, 0x0000000100000000)
  region size 1024K, 2 young (2048K), 2 survivors (2048K)
 Metaspace       used 123759K, capacity 127619K, committed 127872K, reserved 1161216K
  class space    used 15455K, capacity 16913K, committed 17024K, reserved 1048576K
}
Event: 685.267 GC heap before
{Heap before GC invocations=91 (full 0):
 garbage-first heap   total 585728K, used 280064K [0x0000000080000000, 0x0000000100000000)
  region size 1024K, 39 young (39936K), 2 survivors (2048K)
 Metaspace       used 124543K, capacity 128355K, committed 128640K, reserved 1161216K
  class space    used 15508K, capacity 16945K, committed 17024K, reserved 1048576K
}
Event: 685.286 GC heap after
{Heap after GC invocations=92 (full 0):
 garbage-first heap   total 585728K, used 242058K [0x0000000080000000, 0x0000000100000000)
  region size 1024K, 1 young (1024K), 1 survivors (1024K)
 Metaspace       used 124543K, capacity 128355K, committed 128640K, reserved 1161216K
  class space    used 15508K, capacity 16945K, committed 17024K, reserved 1048576K
}
Event: 693.538 GC heap before
{Heap before GC invocations=92 (full 0):
 garbage-first heap   total 585728K, used 303498K [0x0000000080000000, 0x0000000100000000)
  region size 1024K, 56 young (57344K), 1 survivors (1024K)
 Metaspace       used 125411K, capacity 129251K, committed 129536K, reserved 1161216K
  class space    used 15598K, capacity 17037K, committed 17152K, reserved 1048576K
}
Event: 693.560 GC heap after
{Heap after GC invocations=93 (full 0):
 garbage-first heap   total 585728K, used 244138K [0x0000000080000000, 0x0000000100000000)
  region size 1024K, 3 young (3072K), 3 survivors (3072K)
 Metaspace       used 125411K, capacity 129251K, committed 129536K, reserved 1161216K
  class space    used 15598K, capacity 17037K, committed 17152K, reserved 1048576K
}

